<?xml version="1.0" encoding="UTF-8"?>
<!-- Generated by org.testng.reporters.JUnitReportReporter -->
<testsuite skipped="0" hostname="SIDHU" name="com.crm.qa.testcases.HomePageTest" tests="3" failures="0" timestamp="04 Sep 2018 05:34:30 GMT" time="38.907" errors="0">
  <testcase name="verifyHomePageTitleTest" time="16.518" classname="com.crm.qa.testcases.HomePageTest"/>
  <testcase name="verifyUserNameTest" time="12.191" classname="com.crm.qa.testcases.HomePageTest"/>
  <testcase name="verifyContactsLinkTest" time="10.198" classname="com.crm.qa.testcases.HomePageTest"/>
</testsuite> <!-- com.crm.qa.testcases.HomePageTest -->
