<?xml version="1.0" encoding="UTF-8"?>
<!-- Generated by org.testng.reporters.JUnitReportReporter -->
<testsuite skipped="0" hostname="SIDHU" name="com.crm.qa.testcases.LoginPageTest" tests="1" failures="0" timestamp="03 Sep 2018 00:38:37 GMT" time="13.509" errors="0">
  <testcase name="loginTest" time="13.509" classname="com.crm.qa.testcases.LoginPageTest"/>
</testsuite> <!-- com.crm.qa.testcases.LoginPageTest -->
